# JRE version: OpenJDK Runtime Environment Zulu13.35+51-CA (13.0.5.1+1) (build 13.0.5.1+1-MTS)
# Java VM: OpenJDK 64-Bit Server VM Zulu13.35+51-CA (13.0.5.1+1-MTS, mixed mode, sharing, tiered, compressed oops, g1 gc, bsd-amd64)
Heap:
 garbage-first heap   total 104448K, used 57822K [0x0000000780000000, 0x0000000800000000)
  region size 1024K, 2 young (2048K), 1 survivors (1024K)
 Metaspace       used 23041K, capacity 23652K, committed 23856K, reserved 1071104K
  class space    used 2574K, capacity 2827K, committed 2944K, reserved 1048576K
GC Heap History (20 events):
Event: 13.171 GC heap before
{Heap before GC invocations=53 (full 0):
 garbage-first heap   total 101376K, used 41426K [0x0000000780000000, 0x0000000800000000)
  region size 1024K, 2 young (2048K), 1 survivors (1024K)
 Metaspace       used 22972K, capacity 23652K, committed 23856K, reserved 1071104K
  class space    used 2574K, capacity 2827K, committed 2944K, reserved 1048576K
}
Event: 13.172 GC heap after
{Heap after GC invocations=54 (full 0):
 garbage-first heap   total 101376K, used 29137K [0x0000000780000000, 0x0000000800000000)
  region size 1024K, 1 young (1024K), 1 survivors (1024K)
 Metaspace       used 22972K, capacity 23652K, committed 23856K, reserved 1071104K
  class space    used 2574K, capacity 2827K, committed 2944K, reserved 1048576K
}
Event: 13.252 GC heap before
{Heap before GC invocations=55 (full 0):
 garbage-first heap   total 101376K, used 41425K [0x0000000780000000, 0x0000000800000000)
  region size 1024K, 2 young (2048K), 1 survivors (1024K)
 Metaspace       used 22973K, capacity 23652K, committed 23856K, reserved 1071104K
  class space    used 2574K, capacity 2827K, committed 2944K, reserved 1048576K
}
Event: 13.256 GC heap after
{Heap after GC invocations=56 (full 0):
 garbage-first heap   total 101376K, used 29137K [0x0000000780000000, 0x0000000800000000)
  region size 1024K, 1 young (1024K), 1 survivors (1024K)
 Metaspace       used 22973K, capacity 23652K, committed 23856K, reserved 1071104K
  class space    used 2574K, capacity 2827K, committed 2944K, reserved 1048576K
}
Event: 13.678 GC heap before
{Heap before GC invocations=57 (full 0):
 garbage-first heap   total 101376K, used 42449K [0x0000000780000000, 0x0000000800000000)
  region size 1024K, 3 young (3072K), 1 survivors (1024K)
 Metaspace       used 22975K, capacity 23652K, committed 23856K, reserved 1071104K
  class space    used 2574K, capacity 2827K, committed 2944K, reserved 1048576K
}
Event: 13.679 GC heap after
{Heap after GC invocations=58 (full 0):
 garbage-first heap   total 101376K, used 29135K [0x0000000780000000, 0x0000000800000000)
  region size 1024K, 1 young (1024K), 1 survivors (1024K)
 Metaspace       used 22975K, capacity 23652K, committed 23856K, reserved 1071104K
  class space    used 2574K, capacity 2827K, committed 2944K, reserved 1048576K
}
Event: 14.092 GC heap before
{Heap before GC invocations=59 (full 0):
 garbage-first heap   total 101376K, used 42447K [0x0000000780000000, 0x0000000800000000)
  region size 1024K, 3 young (3072K), 1 survivors (1024K)
 Metaspace       used 22978K, capacity 23652K, committed 23856K, reserved 1071104K
  class space    used 2574K, capacity 2827K, committed 2944K, reserved 1048576K
}
Event: 14.093 GC heap after
{Heap after GC invocations=60 (full 0):
 garbage-first heap   total 101376K, used 29141K [0x0000000780000000, 0x0000000800000000)
  region size 1024K, 1 young (1024K), 1 survivors (1024K)
 Metaspace       used 22978K, capacity 23652K, committed 23856K, reserved 1071104K
  class space    used 2574K, capacity 2827K, committed 2944K, reserved 1048576K
}
Event: 14.152 GC heap before
{Heap before GC invocations=61 (full 0):
 garbage-first heap   total 101376K, used 41429K [0x0000000780000000, 0x0000000800000000)
  region size 1024K, 2 young (2048K), 1 survivors (1024K)
 Metaspace       used 22986K, capacity 23652K, committed 23856K, reserved 1071104K
  class space    used 2574K, capacity 2827K, committed 2944K, reserved 1048576K
}
Event: 14.153 GC heap after
{Heap after GC invocations=62 (full 0):
 garbage-first heap   total 101376K, used 29138K [0x0000000780000000, 0x0000000800000000)
  region size 1024K, 1 young (1024K), 1 survivors (1024K)
 Metaspace       used 22986K, capacity 23652K, committed 23856K, reserved 1071104K
  class space    used 2574K, capacity 2827K, committed 2944K, reserved 1048576K
}
Event: 14.231 GC heap before
{Heap before GC invocations=63 (full 0):
 garbage-first heap   total 101376K, used 45522K [0x0000000780000000, 0x0000000800000000)
  region size 1024K, 2 young (2048K), 1 survivors (1024K)
 Metaspace       used 22998K, capacity 23652K, committed 23856K, reserved 1071104K
  class space    used 2574K, capacity 2827K, committed 2944K, reserved 1048576K
}
Event: 14.232 GC heap after
{Heap after GC invocations=64 (full 0):
 garbage-first heap   total 101376K, used 33233K [0x0000000780000000, 0x0000000800000000)
  region size 1024K, 1 young (1024K), 1 survivors (1024K)
 Metaspace       used 22998K, capacity 23652K, committed 23856K, reserved 1071104K
  class space    used 2574K, capacity 2827K, committed 2944K, reserved 1048576K
}
Event: 14.285 GC heap before
{Heap before GC invocations=65 (full 0):
 garbage-first heap   total 101376K, used 49617K [0x0000000780000000, 0x0000000800000000)
  region size 1024K, 2 young (2048K), 1 survivors (1024K)
 Metaspace       used 23014K, capacity 23652K, committed 23856K, reserved 1071104K
  class space    used 2574K, capacity 2827K, committed 2944K, reserved 1048576K
}
Event: 14.286 GC heap after
{Heap after GC invocations=66 (full 0):
 garbage-first heap   total 101376K, used 29145K [0x0000000780000000, 0x0000000800000000)
  region size 1024K, 1 young (1024K), 1 survivors (1024K)
 Metaspace       used 23014K, capacity 23652K, committed 23856K, reserved 1071104K
  class space    used 2574K, capacity 2827K, committed 2944K, reserved 1048576K
}
Event: 14.687 GC heap before
{Heap before GC invocations=67 (full 0):
 garbage-first heap   total 101376K, used 42457K [0x0000000780000000, 0x0000000800000000)
  region size 1024K, 3 young (3072K), 1 survivors (1024K)
 Metaspace       used 23016K, capacity 23652K, committed 23856K, reserved 1071104K
  class space    used 2574K, capacity 2827K, committed 2944K, reserved 1048576K
}
Event: 14.689 GC heap after
{Heap after GC invocations=68 (full 0):
 garbage-first heap   total 101376K, used 29142K [0x0000000780000000, 0x0000000800000000)
  region size 1024K, 1 young (1024K), 1 survivors (1024K)
 Metaspace       used 23016K, capacity 23652K, committed 23856K, reserved 1071104K
  class space    used 2574K, capacity 2827K, committed 2944K, reserved 1048576K
}
Event: 15.109 GC heap before
{Heap before GC invocations=69 (full 0):
 garbage-first heap   total 101376K, used 42454K [0x0000000780000000, 0x0000000800000000)
  region size 1024K, 3 young (3072K), 1 survivors (1024K)
 Metaspace       used 23030K, capacity 23652K, committed 23856K, reserved 1071104K
  class space    used 2574K, capacity 2827K, committed 2944K, reserved 1048576K
}
Event: 15.111 GC heap after
{Heap after GC invocations=70 (full 0):
 garbage-first heap   total 101376K, used 29144K [0x0000000780000000, 0x0000000800000000)
  region size 1024K, 1 young (1024K), 1 survivors (1024K)
 Metaspace       used 23030K, capacity 23652K, committed 23856K, reserved 1071104K
  class space    used 2574K, capacity 2827K, committed 2944K, reserved 1048576K
}
Event: 15.670 GC heap before
{Heap before GC invocations=71 (full 0):
 garbage-first heap   total 101376K, used 88536K [0x0000000780000000, 0x0000000800000000)
  region size 1024K, 4 young (4096K), 1 survivors (1024K)
 Metaspace       used 23041K, capacity 23652K, committed 23856K, reserved 1071104K
  class space    used 2574K, capacity 2827K, committed 2944K, reserved 1048576K
}
Event: 15.672 GC heap after
{Heap after GC invocations=72 (full 0):
 garbage-first heap   total 101376K, used 49630K [0x0000000780000000, 0x0000000800000000)
  region size 1024K, 1 young (1024K), 1 survivors (1024K)
 Metaspace       used 23041K, capacity 23652K, committed 23856K, reserved 1071104K
  class space    used 2574K, capacity 2827K, committed 2944K, reserved 1048576K
}

