# JRE version: OpenJDK Runtime Environment Zulu13.35+51-CA (13.0.5.1+1) (build 13.0.5.1+1-MTS)
# Java VM: OpenJDK 64-Bit Server VM Zulu13.35+51-CA (13.0.5.1+1-MTS, mixed mode, sharing, tiered, compressed oops, g1 gc, bsd-amd64)
Heap:
 garbage-first heap   total 73728K, used 33684K [0x0000000780000000, 0x0000000800000000)
  region size 1024K, 2 young (2048K), 1 survivors (1024K)
 Metaspace       used 22942K, capacity 23608K, committed 23856K, reserved 1071104K
  class space    used 2590K, capacity 2859K, committed 2944K, reserved 1048576K
GC Heap History (20 events):
Event: 15.435 GC heap before
{Heap before GC invocations=19 (full 0):
 garbage-first heap   total 73728K, used 33658K [0x0000000780000000, 0x0000000800000000)
  region size 1024K, 2 young (2048K), 1 survivors (1024K)
 Metaspace       used 22897K, capacity 23544K, committed 23856K, reserved 1071104K
  class space    used 2590K, capacity 2859K, committed 2944K, reserved 1048576K
}
Event: 15.437 GC heap after
{Heap after GC invocations=20 (full 0):
 garbage-first heap   total 73728K, used 25463K [0x0000000780000000, 0x0000000800000000)
  region size 1024K, 1 young (1024K), 1 survivors (1024K)
 Metaspace       used 22897K, capacity 23544K, committed 23856K, reserved 1071104K
  class space    used 2590K, capacity 2859K, committed 2944K, reserved 1048576K
}
Event: 16.027 GC heap before
{Heap before GC invocations=21 (full 0):
 garbage-first heap   total 73728K, used 33655K [0x0000000780000000, 0x0000000800000000)
  region size 1024K, 2 young (2048K), 1 survivors (1024K)
 Metaspace       used 22899K, capacity 23544K, committed 23856K, reserved 1071104K
  class space    used 2590K, capacity 2859K, committed 2944K, reserved 1048576K
}
Event: 16.030 GC heap after
{Heap after GC invocations=22 (full 0):
 garbage-first heap   total 73728K, used 25488K [0x0000000780000000, 0x0000000800000000)
  region size 1024K, 1 young (1024K), 1 survivors (1024K)
 Metaspace       used 22899K, capacity 23544K, committed 23856K, reserved 1071104K
  class space    used 2590K, capacity 2859K, committed 2944K, reserved 1048576K
}
Event: 16.416 GC heap before
{Heap before GC invocations=23 (full 0):
 garbage-first heap   total 73728K, used 33680K [0x0000000780000000, 0x0000000800000000)
  region size 1024K, 2 young (2048K), 1 survivors (1024K)
 Metaspace       used 22902K, capacity 23544K, committed 23856K, reserved 1071104K
  class space    used 2590K, capacity 2859K, committed 2944K, reserved 1048576K
}
Event: 16.418 GC heap after
{Heap after GC invocations=24 (full 0):
 garbage-first heap   total 73728K, used 25468K [0x0000000780000000, 0x0000000800000000)
  region size 1024K, 1 young (1024K), 1 survivors (1024K)
 Metaspace       used 22902K, capacity 23544K, committed 23856K, reserved 1071104K
  class space    used 2590K, capacity 2859K, committed 2944K, reserved 1048576K
}
Event: 16.522 GC heap before
{Heap before GC invocations=25 (full 0):
 garbage-first heap   total 73728K, used 33660K [0x0000000780000000, 0x0000000800000000)
  region size 1024K, 2 young (2048K), 1 survivors (1024K)
 Metaspace       used 22905K, capacity 23544K, committed 23856K, reserved 1071104K
  class space    used 2590K, capacity 2859K, committed 2944K, reserved 1048576K
}
Event: 16.524 GC heap after
{Heap after GC invocations=26 (full 0):
 garbage-first heap   total 73728K, used 25449K [0x0000000780000000, 0x0000000800000000)
  region size 1024K, 1 young (1024K), 1 survivors (1024K)
 Metaspace       used 22905K, capacity 23544K, committed 23856K, reserved 1071104K
  class space    used 2590K, capacity 2859K, committed 2944K, reserved 1048576K
}
Event: 17.436 GC heap before
{Heap before GC invocations=27 (full 0):
 garbage-first heap   total 73728K, used 33641K [0x0000000780000000, 0x0000000800000000)
  region size 1024K, 2 young (2048K), 1 survivors (1024K)
 Metaspace       used 22916K, capacity 23608K, committed 23856K, reserved 1071104K
  class space    used 2590K, capacity 2859K, committed 2944K, reserved 1048576K
}
Event: 17.439 GC heap after
{Heap after GC invocations=28 (full 0):
 garbage-first heap   total 73728K, used 25472K [0x0000000780000000, 0x0000000800000000)
  region size 1024K, 1 young (1024K), 1 survivors (1024K)
 Metaspace       used 22916K, capacity 23608K, committed 23856K, reserved 1071104K
  class space    used 2590K, capacity 2859K, committed 2944K, reserved 1048576K
}
Event: 18.438 GC heap before
{Heap before GC invocations=29 (full 0):
 garbage-first heap   total 73728K, used 41856K [0x0000000780000000, 0x0000000800000000)
  region size 1024K, 2 young (2048K), 1 survivors (1024K)
 Metaspace       used 22926K, capacity 23608K, committed 23856K, reserved 1071104K
  class space    used 2590K, capacity 2859K, committed 2944K, reserved 1048576K
}
Event: 18.440 GC heap after
{Heap after GC invocations=30 (full 0):
 garbage-first heap   total 73728K, used 29555K [0x0000000780000000, 0x0000000800000000)
  region size 1024K, 1 young (1024K), 1 survivors (1024K)
 Metaspace       used 22926K, capacity 23608K, committed 23856K, reserved 1071104K
  class space    used 2590K, capacity 2859K, committed 2944K, reserved 1048576K
}
Event: 19.013 GC heap before
{Heap before GC invocations=31 (full 0):
 garbage-first heap   total 73728K, used 45939K [0x0000000780000000, 0x0000000800000000)
  region size 1024K, 2 young (2048K), 1 survivors (1024K)
 Metaspace       used 22935K, capacity 23608K, committed 23856K, reserved 1071104K
  class space    used 2590K, capacity 2859K, committed 2944K, reserved 1048576K
}
Event: 19.016 GC heap after
{Heap after GC invocations=32 (full 0):
 garbage-first heap   total 73728K, used 29590K [0x0000000780000000, 0x0000000800000000)
  region size 1024K, 1 young (1024K), 1 survivors (1024K)
 Metaspace       used 22935K, capacity 23608K, committed 23856K, reserved 1071104K
  class space    used 2590K, capacity 2859K, committed 2944K, reserved 1048576K
}
Event: 19.422 GC heap before
{Heap before GC invocations=33 (full 0):
 garbage-first heap   total 73728K, used 37782K [0x0000000780000000, 0x0000000800000000)
  region size 1024K, 2 young (2048K), 1 survivors (1024K)
 Metaspace       used 22935K, capacity 23608K, committed 23856K, reserved 1071104K
  class space    used 2590K, capacity 2859K, committed 2944K, reserved 1048576K
}
Event: 19.424 GC heap after
{Heap after GC invocations=34 (full 0):
 garbage-first heap   total 73728K, used 25489K [0x0000000780000000, 0x0000000800000000)
  region size 1024K, 1 young (1024K), 1 survivors (1024K)
 Metaspace       used 22935K, capacity 23608K, committed 23856K, reserved 1071104K
  class space    used 2590K, capacity 2859K, committed 2944K, reserved 1048576K
}
Event: 19.468 GC heap before
{Heap before GC invocations=35 (full 0):
 garbage-first heap   total 73728K, used 33681K [0x0000000780000000, 0x0000000800000000)
  region size 1024K, 2 young (2048K), 1 survivors (1024K)
 Metaspace       used 22939K, capacity 23608K, committed 23856K, reserved 1071104K
  class space    used 2590K, capacity 2859K, committed 2944K, reserved 1048576K
}
Event: 19.473 GC heap after
{Heap after GC invocations=36 (full 0):
 garbage-first heap   total 73728K, used 25471K [0x0000000780000000, 0x0000000800000000)
  region size 1024K, 1 young (1024K), 1 survivors (1024K)
 Metaspace       used 22939K, capacity 23608K, committed 23856K, reserved 1071104K
  class space    used 2590K, capacity 2859K, committed 2944K, reserved 1048576K
}
Event: 19.580 GC heap before
{Heap before GC invocations=37 (full 0):
 garbage-first heap   total 73728K, used 33663K [0x0000000780000000, 0x0000000800000000)
  region size 1024K, 2 young (2048K), 1 survivors (1024K)
 Metaspace       used 22939K, capacity 23608K, committed 23856K, reserved 1071104K
  class space    used 2590K, capacity 2859K, committed 2944K, reserved 1048576K
}
Event: 19.583 GC heap after
{Heap after GC invocations=38 (full 0):
 garbage-first heap   total 73728K, used 25492K [0x0000000780000000, 0x0000000800000000)
  region size 1024K, 1 young (1024K), 1 survivors (1024K)
 Metaspace       used 22939K, capacity 23608K, committed 23856K, reserved 1071104K
  class space    used 2590K, capacity 2859K, committed 2944K, reserved 1048576K
}

