# JRE version: OpenJDK Runtime Environment Zulu13.35+51-CA (13.0.5.1+1) (build 13.0.5.1+1-MTS)
# Java VM: OpenJDK 64-Bit Server VM Zulu13.35+51-CA (13.0.5.1+1-MTS, mixed mode, sharing, tiered, compressed oops, g1 gc, bsd-amd64)
Heap:
 garbage-first heap   total 106496K, used 47056K [0x0000000780000000, 0x0000000800000000)
  region size 1024K, 3 young (3072K), 1 survivors (1024K)
 Metaspace       used 23122K, capacity 23749K, committed 24112K, reserved 1071104K
  class space    used 2591K, capacity 2859K, committed 2944K, reserved 1048576K
GC Heap History (20 events):
Event: 19.510 GC heap before
{Heap before GC invocations=63 (full 0):
 garbage-first heap   total 91136K, used 46013K [0x0000000780000000, 0x0000000800000000)
  region size 1024K, 2 young (2048K), 1 survivors (1024K)
 Metaspace       used 23057K, capacity 23684K, committed 24112K, reserved 1071104K
  class space    used 2591K, capacity 2859K, committed 2944K, reserved 1048576K
}
Event: 19.513 GC heap after
{Heap after GC invocations=64 (full 0):
 garbage-first heap   total 91136K, used 29626K [0x0000000780000000, 0x0000000800000000)
  region size 1024K, 1 young (1024K), 1 survivors (1024K)
 Metaspace       used 23057K, capacity 23684K, committed 24112K, reserved 1071104K
  class space    used 2591K, capacity 2859K, committed 2944K, reserved 1048576K
}
Event: 19.922 GC heap before
{Heap before GC invocations=65 (full 0):
 garbage-first heap   total 91136K, used 38842K [0x0000000780000000, 0x0000000800000000)
  region size 1024K, 3 young (3072K), 1 survivors (1024K)
 Metaspace       used 23070K, capacity 23684K, committed 24112K, reserved 1071104K
  class space    used 2591K, capacity 2859K, committed 2944K, reserved 1048576K
}
Event: 19.926 GC heap after
{Heap after GC invocations=66 (full 0):
 garbage-first heap   total 91136K, used 25534K [0x0000000780000000, 0x0000000800000000)
  region size 1024K, 1 young (1024K), 1 survivors (1024K)
 Metaspace       used 23070K, capacity 23684K, committed 24112K, reserved 1071104K
  class space    used 2591K, capacity 2859K, committed 2944K, reserved 1048576K
}
Event: 20.911 GC heap before
{Heap before GC invocations=67 (full 0):
 garbage-first heap   total 91136K, used 67518K [0x0000000780000000, 0x0000000800000000)
  region size 1024K, 3 young (3072K), 1 survivors (1024K)
 Metaspace       used 23075K, capacity 23684K, committed 24112K, reserved 1071104K
  class space    used 2591K, capacity 2859K, committed 2944K, reserved 1048576K
}
Event: 20.913 GC heap after
{Heap after GC invocations=68 (full 0):
 garbage-first heap   total 91136K, used 41922K [0x0000000780000000, 0x0000000800000000)
  region size 1024K, 1 young (1024K), 1 survivors (1024K)
 Metaspace       used 23075K, capacity 23684K, committed 24112K, reserved 1071104K
  class space    used 2591K, capacity 2859K, committed 2944K, reserved 1048576K
}
Event: 21.002 GC heap before
{Heap before GC invocations=69 (full 0):
 garbage-first heap   total 91136K, used 50114K [0x0000000780000000, 0x0000000800000000)
  region size 1024K, 2 young (2048K), 1 survivors (1024K)
 Metaspace       used 23076K, capacity 23684K, committed 24112K, reserved 1071104K
  class space    used 2591K, capacity 2859K, committed 2944K, reserved 1048576K
}
Event: 21.009 GC heap after
{Heap after GC invocations=70 (full 0):
 garbage-first heap   total 91136K, used 25537K [0x0000000780000000, 0x0000000800000000)
  region size 1024K, 1 young (1024K), 1 survivors (1024K)
 Metaspace       used 23076K, capacity 23684K, committed 24112K, reserved 1071104K
  class space    used 2591K, capacity 2859K, committed 2944K, reserved 1048576K
}
Event: 21.943 GC heap before
{Heap before GC invocations=71 (full 0):
 garbage-first heap   total 106496K, used 59329K [0x0000000780000000, 0x0000000800000000)
  region size 1024K, 3 young (3072K), 1 survivors (1024K)
 Metaspace       used 23084K, capacity 23684K, committed 24112K, reserved 1071104K
  class space    used 2591K, capacity 2859K, committed 2944K, reserved 1048576K
}
Event: 21.950 GC heap after
{Heap after GC invocations=72 (full 0):
 garbage-first heap   total 106496K, used 37827K [0x0000000780000000, 0x0000000800000000)
  region size 1024K, 1 young (1024K), 1 survivors (1024K)
 Metaspace       used 23084K, capacity 23684K, committed 24112K, reserved 1071104K
  class space    used 2591K, capacity 2859K, committed 2944K, reserved 1048576K
}
Event: 22.073 GC heap before
{Heap before GC invocations=73 (full 0):
 garbage-first heap   total 106496K, used 63427K [0x0000000780000000, 0x0000000800000000)
  region size 1024K, 3 young (3072K), 1 survivors (1024K)
 Metaspace       used 23086K, capacity 23684K, committed 24112K, reserved 1071104K
  class space    used 2591K, capacity 2859K, committed 2944K, reserved 1048576K
}
Event: 22.078 GC heap after
{Heap after GC invocations=74 (full 0):
 garbage-first heap   total 106496K, used 33733K [0x0000000780000000, 0x0000000800000000)
  region size 1024K, 1 young (1024K), 1 survivors (1024K)
 Metaspace       used 23086K, capacity 23684K, committed 24112K, reserved 1071104K
  class space    used 2591K, capacity 2859K, committed 2944K, reserved 1048576K
}
Event: 22.132 GC heap before
{Heap before GC invocations=75 (full 0):
 garbage-first heap   total 106496K, used 47045K [0x0000000780000000, 0x0000000800000000)
  region size 1024K, 3 young (3072K), 1 survivors (1024K)
 Metaspace       used 23090K, capacity 23684K, committed 24112K, reserved 1071104K
  class space    used 2591K, capacity 2859K, committed 2944K, reserved 1048576K
}
Event: 22.133 GC heap after
{Heap after GC invocations=76 (full 0):
 garbage-first heap   total 106496K, used 29643K [0x0000000780000000, 0x0000000800000000)
  region size 1024K, 1 young (1024K), 1 survivors (1024K)
 Metaspace       used 23090K, capacity 23684K, committed 24112K, reserved 1071104K
  class space    used 2591K, capacity 2859K, committed 2944K, reserved 1048576K
}
Event: 22.940 GC heap before
{Heap before GC invocations=77 (full 0):
 garbage-first heap   total 106496K, used 47051K [0x0000000780000000, 0x0000000800000000)
  region size 1024K, 3 young (3072K), 1 survivors (1024K)
 Metaspace       used 23104K, capacity 23748K, committed 24112K, reserved 1071104K
  class space    used 2591K, capacity 2859K, committed 2944K, reserved 1048576K
}
Event: 22.941 GC heap after
{Heap after GC invocations=78 (full 0):
 garbage-first heap   total 106496K, used 33742K [0x0000000780000000, 0x0000000800000000)
  region size 1024K, 1 young (1024K), 1 survivors (1024K)
 Metaspace       used 23104K, capacity 23748K, committed 24112K, reserved 1071104K
  class space    used 2591K, capacity 2859K, committed 2944K, reserved 1048576K
}
Event: 23.014 GC heap before
{Heap before GC invocations=79 (full 0):
 garbage-first heap   total 106496K, used 46030K [0x0000000780000000, 0x0000000800000000)
  region size 1024K, 2 young (2048K), 1 survivors (1024K)
 Metaspace       used 23107K, capacity 23748K, committed 24112K, reserved 1071104K
  class space    used 2591K, capacity 2859K, committed 2944K, reserved 1048576K
}
Event: 23.030 GC heap after
{Heap after GC invocations=80 (full 0):
 garbage-first heap   total 106496K, used 29642K [0x0000000780000000, 0x0000000800000000)
  region size 1024K, 1 young (1024K), 1 survivors (1024K)
 Metaspace       used 23107K, capacity 23748K, committed 24112K, reserved 1071104K
  class space    used 2591K, capacity 2859K, committed 2944K, reserved 1048576K
}
Event: 23.100 GC heap before
{Heap before GC invocations=81 (full 0):
 garbage-first heap   total 106496K, used 47050K [0x0000000780000000, 0x0000000800000000)
  region size 1024K, 3 young (3072K), 1 survivors (1024K)
 Metaspace       used 23111K, capacity 23749K, committed 24112K, reserved 1071104K
  class space    used 2591K, capacity 2859K, committed 2944K, reserved 1048576K
}
Event: 23.101 GC heap after
{Heap after GC invocations=82 (full 0):
 garbage-first heap   total 106496K, used 29648K [0x0000000780000000, 0x0000000800000000)
  region size 1024K, 1 young (1024K), 1 survivors (1024K)
 Metaspace       used 23111K, capacity 23749K, committed 24112K, reserved 1071104K
  class space    used 2591K, capacity 2859K, committed 2944K, reserved 1048576K
}

