# JRE version: OpenJDK Runtime Environment Zulu13.35+51-CA (13.0.5.1+1) (build 13.0.5.1+1-MTS)
# Java VM: OpenJDK 64-Bit Server VM Zulu13.35+51-CA (13.0.5.1+1-MTS, mixed mode, sharing, tiered, compressed oops, g1 gc, bsd-amd64)
Heap:
 garbage-first heap   total 299008K, used 100949K [0x0000000780000000, 0x0000000800000000)
  region size 1024K, 3 young (3072K), 1 survivors (1024K)
 Metaspace       used 25735K, capacity 26546K, committed 26752K, reserved 1073152K
  class space    used 2845K, capacity 3153K, committed 3200K, reserved 1048576K
GC Heap History (20 events):
Event: 58.444 GC heap before
{Heap before GC invocations=139 (full 0):
 garbage-first heap   total 299008K, used 128566K [0x0000000780000000, 0x0000000800000000)
  region size 1024K, 4 young (4096K), 1 survivors (1024K)
 Metaspace       used 25695K, capacity 26482K, committed 26752K, reserved 1073152K
  class space    used 2845K, capacity 3153K, committed 3200K, reserved 1048576K
}
Event: 58.451 GC heap after
{Heap after GC invocations=140 (full 0):
 garbage-first heap   total 299008K, used 87607K [0x0000000780000000, 0x0000000800000000)
  region size 1024K, 1 young (1024K), 1 survivors (1024K)
 Metaspace       used 25695K, capacity 26482K, committed 26752K, reserved 1073152K
  class space    used 2845K, capacity 3153K, committed 3200K, reserved 1048576K
}
Event: 58.739 GC heap before
{Heap before GC invocations=141 (full 0):
 garbage-first heap   total 299008K, used 125495K [0x0000000780000000, 0x0000000800000000)
  region size 1024K, 5 young (5120K), 1 survivors (1024K)
 Metaspace       used 25698K, capacity 26482K, committed 26752K, reserved 1073152K
  class space    used 2845K, capacity 3153K, committed 3200K, reserved 1048576K
}
Event: 58.740 GC heap after
{Heap after GC invocations=142 (full 0):
 garbage-first heap   total 299008K, used 36436K [0x0000000780000000, 0x0000000800000000)
  region size 1024K, 1 young (1024K), 1 survivors (1024K)
 Metaspace       used 25698K, capacity 26482K, committed 26752K, reserved 1073152K
  class space    used 2845K, capacity 3153K, committed 3200K, reserved 1048576K
}
Event: 59.154 GC heap before
{Heap before GC invocations=143 (full 0):
 garbage-first heap   total 299008K, used 128596K [0x0000000780000000, 0x0000000800000000)
  region size 1024K, 4 young (4096K), 1 survivors (1024K)
 Metaspace       used 25726K, capacity 26482K, committed 26752K, reserved 1073152K
  class space    used 2845K, capacity 3153K, committed 3200K, reserved 1048576K
}
Event: 59.155 GC heap after
{Heap after GC invocations=144 (full 0):
 garbage-first heap   total 299008K, used 89678K [0x0000000780000000, 0x0000000800000000)
  region size 1024K, 1 young (1024K), 1 survivors (1024K)
 Metaspace       used 25726K, capacity 26482K, committed 26752K, reserved 1073152K
  class space    used 2845K, capacity 3153K, committed 3200K, reserved 1048576K
}
Event: 59.415 GC heap before
{Heap before GC invocations=145 (full 0):
 garbage-first heap   total 299008K, used 128590K [0x0000000780000000, 0x0000000800000000)
  region size 1024K, 4 young (4096K), 1 survivors (1024K)
 Metaspace       used 25728K, capacity 26482K, committed 26752K, reserved 1073152K
  class space    used 2845K, capacity 3153K, committed 3200K, reserved 1048576K
}
Event: 59.417 GC heap after
{Heap after GC invocations=146 (full 0):
 garbage-first heap   total 299008K, used 89678K [0x0000000780000000, 0x0000000800000000)
  region size 1024K, 1 young (1024K), 1 survivors (1024K)
 Metaspace       used 25728K, capacity 26482K, committed 26752K, reserved 1073152K
  class space    used 2845K, capacity 3153K, committed 3200K, reserved 1048576K
}
Event: 59.716 GC heap before
{Heap before GC invocations=147 (full 0):
 garbage-first heap   total 299008K, used 129614K [0x0000000780000000, 0x0000000800000000)
  region size 1024K, 5 young (5120K), 1 survivors (1024K)
 Metaspace       used 25730K, capacity 26482K, committed 26752K, reserved 1073152K
  class space    used 2845K, capacity 3153K, committed 3200K, reserved 1048576K
}
Event: 59.718 GC heap after
{Heap after GC invocations=148 (full 0):
 garbage-first heap   total 299008K, used 89680K [0x0000000780000000, 0x0000000800000000)
  region size 1024K, 1 young (1024K), 1 survivors (1024K)
 Metaspace       used 25730K, capacity 26482K, committed 26752K, reserved 1073152K
  class space    used 2845K, capacity 3153K, committed 3200K, reserved 1048576K
}
Event: 60.014 GC heap before
{Heap before GC invocations=149 (full 0):
 garbage-first heap   total 299008K, used 128592K [0x0000000780000000, 0x0000000800000000)
  region size 1024K, 4 young (4096K), 1 survivors (1024K)
 Metaspace       used 25735K, capacity 26546K, committed 26752K, reserved 1073152K
  class space    used 2845K, capacity 3153K, committed 3200K, reserved 1048576K
}
Event: 60.017 GC heap after
{Heap after GC invocations=150 (full 0):
 garbage-first heap   total 299008K, used 91728K [0x0000000780000000, 0x0000000800000000)
  region size 1024K, 1 young (1024K), 1 survivors (1024K)
 Metaspace       used 25735K, capacity 26546K, committed 26752K, reserved 1073152K
  class space    used 2845K, capacity 3153K, committed 3200K, reserved 1048576K
}
Event: 60.287 GC heap before
{Heap before GC invocations=151 (full 0):
 garbage-first heap   total 299008K, used 126544K [0x0000000780000000, 0x0000000800000000)
  region size 1024K, 2 young (2048K), 1 survivors (1024K)
 Metaspace       used 25735K, capacity 26546K, committed 26752K, reserved 1073152K
  class space    used 2845K, capacity 3153K, committed 3200K, reserved 1048576K
}
Event: 60.291 GC heap after
{Heap after GC invocations=152 (full 0):
 garbage-first heap   total 299008K, used 91731K [0x0000000780000000, 0x0000000800000000)
  region size 1024K, 1 young (1024K), 1 survivors (1024K)
 Metaspace       used 25735K, capacity 26546K, committed 26752K, reserved 1073152K
  class space    used 2845K, capacity 3153K, committed 3200K, reserved 1048576K
}
Event: 60.590 GC heap before
{Heap before GC invocations=153 (full 0):
 garbage-first heap   total 299008K, used 126547K [0x0000000780000000, 0x0000000800000000)
  region size 1024K, 2 young (2048K), 1 survivors (1024K)
 Metaspace       used 25735K, capacity 26546K, committed 26752K, reserved 1073152K
  class space    used 2845K, capacity 3153K, committed 3200K, reserved 1048576K
}
Event: 60.592 GC heap after
{Heap after GC invocations=154 (full 0):
 garbage-first heap   total 299008K, used 91733K [0x0000000780000000, 0x0000000800000000)
  region size 1024K, 1 young (1024K), 1 survivors (1024K)
 Metaspace       used 25735K, capacity 26546K, committed 26752K, reserved 1073152K
  class space    used 2845K, capacity 3153K, committed 3200K, reserved 1048576K
}
Event: 60.848 GC heap before
{Heap before GC invocations=155 (full 0):
 garbage-first heap   total 299008K, used 126549K [0x0000000780000000, 0x0000000800000000)
  region size 1024K, 2 young (2048K), 1 survivors (1024K)
 Metaspace       used 25735K, capacity 26546K, committed 26752K, reserved 1073152K
  class space    used 2845K, capacity 3153K, committed 3200K, reserved 1048576K
}
Event: 60.851 GC heap after
{Heap after GC invocations=156 (full 0):
 garbage-first heap   total 299008K, used 91731K [0x0000000780000000, 0x0000000800000000)
  region size 1024K, 1 young (1024K), 1 survivors (1024K)
 Metaspace       used 25735K, capacity 26546K, committed 26752K, reserved 1073152K
  class space    used 2845K, capacity 3153K, committed 3200K, reserved 1048576K
}
Event: 61.150 GC heap before
{Heap before GC invocations=157 (full 0):
 garbage-first heap   total 299008K, used 127571K [0x0000000780000000, 0x0000000800000000)
  region size 1024K, 3 young (3072K), 1 survivors (1024K)
 Metaspace       used 25735K, capacity 26546K, committed 26752K, reserved 1073152K
  class space    used 2845K, capacity 3153K, committed 3200K, reserved 1048576K
}
Event: 61.169 GC heap after
{Heap after GC invocations=158 (full 0):
 garbage-first heap   total 299008K, used 91733K [0x0000000780000000, 0x0000000800000000)
  region size 1024K, 1 young (1024K), 1 survivors (1024K)
 Metaspace       used 25735K, capacity 26546K, committed 26752K, reserved 1073152K
  class space    used 2845K, capacity 3153K, committed 3200K, reserved 1048576K
}

