# JRE version: OpenJDK Runtime Environment Zulu13.35+51-CA (13.0.5.1+1) (build 13.0.5.1+1-MTS)
# Java VM: OpenJDK 64-Bit Server VM Zulu13.35+51-CA (13.0.5.1+1-MTS, mixed mode, sharing, tiered, compressed oops, g1 gc, bsd-amd64)
Heap:
 garbage-first heap   total 133120K, used 83141K [0x0000000780000000, 0x0000000800000000)
  region size 1024K, 3 young (3072K), 1 survivors (1024K)
 Metaspace       used 24580K, capacity 25373K, committed 25728K, reserved 1071104K
  class space    used 2827K, capacity 3112K, committed 3200K, reserved 1048576K
GC Heap History (20 events):
Event: 78.215 GC heap before
{Heap before GC invocations=12 (full 0):
 garbage-first heap   total 51200K, used 38745K [0x0000000780000000, 0x0000000800000000)
  region size 1024K, 25 young (25600K), 1 survivors (1024K)
 Metaspace       used 21350K, capacity 22707K, committed 22912K, reserved 1069056K
  class space    used 2488K, capacity 2858K, committed 2944K, reserved 1048576K
}
Event: 78.218 GC heap after
{Heap after GC invocations=13 (full 0):
 garbage-first heap   total 51200K, used 13976K [0x0000000780000000, 0x0000000800000000)
  region size 1024K, 1 young (1024K), 1 survivors (1024K)
 Metaspace       used 21350K, capacity 22707K, committed 22912K, reserved 1069056K
  class space    used 2488K, capacity 2858K, committed 2944K, reserved 1048576K
}
Event: 78.278 GC heap before
{Heap before GC invocations=13 (full 0):
 garbage-first heap   total 51200K, used 38552K [0x0000000780000000, 0x0000000800000000)
  region size 1024K, 25 young (25600K), 1 survivors (1024K)
 Metaspace       used 21352K, capacity 22707K, committed 22912K, reserved 1069056K
  class space    used 2488K, capacity 2858K, committed 2944K, reserved 1048576K
}
Event: 78.281 GC heap after
{Heap after GC invocations=14 (full 0):
 garbage-first heap   total 51200K, used 13916K [0x0000000780000000, 0x0000000800000000)
  region size 1024K, 1 young (1024K), 1 survivors (1024K)
 Metaspace       used 21352K, capacity 22707K, committed 22912K, reserved 1069056K
  class space    used 2488K, capacity 2858K, committed 2944K, reserved 1048576K
}
Event: 78.384 GC heap before
{Heap before GC invocations=14 (full 0):
 garbage-first heap   total 51200K, used 38492K [0x0000000780000000, 0x0000000800000000)
  region size 1024K, 25 young (25600K), 1 survivors (1024K)
 Metaspace       used 21371K, capacity 22707K, committed 22912K, reserved 1069056K
  class space    used 2488K, capacity 2858K, committed 2944K, reserved 1048576K
}
Event: 78.387 GC heap after
{Heap after GC invocations=15 (full 0):
 garbage-first heap   total 51200K, used 13898K [0x0000000780000000, 0x0000000800000000)
  region size 1024K, 1 young (1024K), 1 survivors (1024K)
 Metaspace       used 21371K, capacity 22707K, committed 22912K, reserved 1069056K
  class space    used 2488K, capacity 2858K, committed 2944K, reserved 1048576K
}
Event: 78.468 GC heap before
{Heap before GC invocations=15 (full 0):
 garbage-first heap   total 51200K, used 38474K [0x0000000780000000, 0x0000000800000000)
  region size 1024K, 25 young (25600K), 1 survivors (1024K)
 Metaspace       used 21371K, capacity 22707K, committed 22912K, reserved 1069056K
  class space    used 2488K, capacity 2858K, committed 2944K, reserved 1048576K
}
Event: 78.470 GC heap after
{Heap after GC invocations=16 (full 0):
 garbage-first heap   total 51200K, used 13878K [0x0000000780000000, 0x0000000800000000)
  region size 1024K, 1 young (1024K), 1 survivors (1024K)
 Metaspace       used 21371K, capacity 22707K, committed 22912K, reserved 1069056K
  class space    used 2488K, capacity 2858K, committed 2944K, reserved 1048576K
}
Event: 78.523 GC heap before
{Heap before GC invocations=16 (full 0):
 garbage-first heap   total 51200K, used 38454K [0x0000000780000000, 0x0000000800000000)
  region size 1024K, 25 young (25600K), 1 survivors (1024K)
 Metaspace       used 21373K, capacity 22707K, committed 22912K, reserved 1069056K
  class space    used 2488K, capacity 2858K, committed 2944K, reserved 1048576K
}
Event: 78.526 GC heap after
{Heap after GC invocations=17 (full 0):
 garbage-first heap   total 51200K, used 13928K [0x0000000780000000, 0x0000000800000000)
  region size 1024K, 1 young (1024K), 1 survivors (1024K)
 Metaspace       used 21373K, capacity 22707K, committed 22912K, reserved 1069056K
  class space    used 2488K, capacity 2858K, committed 2944K, reserved 1048576K
}
Event: 80.763 GC heap before
{Heap before GC invocations=17 (full 0):
 garbage-first heap   total 51200K, used 39528K [0x0000000780000000, 0x0000000800000000)
  region size 1024K, 19 young (19456K), 1 survivors (1024K)
 Metaspace       used 23558K, capacity 24282K, committed 24576K, reserved 1071104K
  class space    used 2708K, capacity 2983K, committed 3072K, reserved 1048576K
}
Event: 80.767 GC heap after
{Heap after GC invocations=18 (full 0):
 garbage-first heap   total 51200K, used 21462K [0x0000000780000000, 0x0000000800000000)
  region size 1024K, 2 young (2048K), 2 survivors (2048K)
 Metaspace       used 23558K, capacity 24282K, committed 24576K, reserved 1071104K
  class space    used 2708K, capacity 2983K, committed 3072K, reserved 1048576K
}
Event: 80.979 GC heap before
{Heap before GC invocations=19 (full 0):
 garbage-first heap   total 51200K, used 25558K [0x0000000780000000, 0x0000000800000000)
  region size 1024K, 5 young (5120K), 2 survivors (2048K)
 Metaspace       used 24353K, capacity 25085K, committed 25472K, reserved 1071104K
  class space    used 2802K, capacity 3080K, committed 3200K, reserved 1048576K
}
Event: 80.984 GC heap after
{Heap after GC invocations=20 (full 0):
 garbage-first heap   total 51200K, used 21594K [0x0000000780000000, 0x0000000800000000)
  region size 1024K, 2 young (2048K), 2 survivors (2048K)
 Metaspace       used 24353K, capacity 25085K, committed 25472K, reserved 1071104K
  class space    used 2802K, capacity 3080K, committed 3200K, reserved 1048576K
}
Event: 83.654 GC heap before
{Heap before GC invocations=21 (full 0):
 garbage-first heap   total 51200K, used 24666K [0x0000000780000000, 0x0000000800000000)
  region size 1024K, 4 young (4096K), 2 survivors (2048K)
 Metaspace       used 24434K, capacity 25149K, committed 25472K, reserved 1071104K
  class space    used 2815K, capacity 3080K, committed 3200K, reserved 1048576K
}
Event: 83.662 GC heap after
{Heap after GC invocations=22 (full 0):
 garbage-first heap   total 51200K, used 23631K [0x0000000780000000, 0x0000000800000000)
  region size 1024K, 2 young (2048K), 2 survivors (2048K)
 Metaspace       used 24434K, capacity 25149K, committed 25472K, reserved 1071104K
  class space    used 2815K, capacity 3080K, committed 3200K, reserved 1048576K
}
Event: 83.945 GC heap before
{Heap before GC invocations=23 (full 0):
 garbage-first heap   total 56320K, used 43087K [0x0000000780000000, 0x0000000800000000)
  region size 1024K, 4 young (4096K), 2 survivors (2048K)
 Metaspace       used 24540K, capacity 25245K, committed 25472K, reserved 1071104K
  class space    used 2827K, capacity 3112K, committed 3200K, reserved 1048576K
}
Event: 83.950 GC heap after
{Heap after GC invocations=24 (full 0):
 garbage-first heap   total 56320K, used 33943K [0x0000000780000000, 0x0000000800000000)
  region size 1024K, 2 young (2048K), 2 survivors (2048K)
 Metaspace       used 24540K, capacity 25245K, committed 25472K, reserved 1071104K
  class space    used 2827K, capacity 3112K, committed 3200K, reserved 1048576K
}
Event: 84.289 GC heap before
{Heap before GC invocations=25 (full 0):
 garbage-first heap   total 97280K, used 70807K [0x0000000780000000, 0x0000000800000000)
  region size 1024K, 3 young (3072K), 2 survivors (2048K)
 Metaspace       used 24559K, capacity 25245K, committed 25472K, reserved 1071104K
  class space    used 2827K, capacity 3112K, committed 3200K, reserved 1048576K
}
Event: 84.303 GC heap after
{Heap after GC invocations=26 (full 0):
 garbage-first heap   total 97280K, used 42181K [0x0000000780000000, 0x0000000800000000)
  region size 1024K, 1 young (1024K), 1 survivors (1024K)
 Metaspace       used 24559K, capacity 25245K, committed 25472K, reserved 1071104K
  class space    used 2827K, capacity 3112K, committed 3200K, reserved 1048576K
}

